D:\TEAM11\TEAM11\DEBUG\MAIN.SBR
D:\TEAM11\TEAM11\DEBUG\APPLICATIONMANAGER.SBR
D:\TEAM11\TEAM11\DEBUG\OUTPUT.SBR
D:\TEAM11\TEAM11\DEBUG\INPUT.SBR
D:\TEAM11\TEAM11\DEBUG\CTRIANGLE.SBR
D:\TEAM11\TEAM11\DEBUG\ADDRECTACTION.SBR
D:\TEAM11\TEAM11\DEBUG\CRECTANGLE.SBR
D:\TEAM11\TEAM11\DEBUG\CLINE.SBR
D:\TEAM11\TEAM11\DEBUG\CFIGURE.SBR
D:\TEAM11\TEAM11\DEBUG\CCIRCLE.SBR
D:\TEAM11\TEAM11\DEBUG\WINDOWINPUT.SBR
D:\TEAM11\TEAM11\DEBUG\MOUSEQUEUE.SBR
D:\TEAM11\TEAM11\DEBUG\KEYQUEUE.SBR
D:\TEAM11\TEAM11\DEBUG\IMAGE.SBR
D:\TEAM11\TEAM11\DEBUG\CMUGRAPHICS.SBR
D:\TEAM11\TEAM11\DEBUG\AUXIL.SBR
D:\TEAM11\TEAM11\DEBUG\TODRAWACTION.SBR
D:\TEAM11\TEAM11\DEBUG\SENDFRONTT.SBR
D:\TEAM11\TEAM11\DEBUG\SENDBACK.SBR
D:\TEAM11\TEAM11\DEBUG\SAVEE.SBR
D:\TEAM11\TEAM11\DEBUG\SAVEE.OBJ
D:\TEAM11\TEAM11\DEBUG\SENDBACK.OBJ
D:\TEAM11\TEAM11\DEBUG\SENDFRONTT.OBJ
D:\TEAM11\TEAM11\DEBUG\TODRAWACTION.OBJ
D:\TEAM11\TEAM11\DEBUG\AUXIL.OBJ
D:\TEAM11\TEAM11\DEBUG\CMUGRAPHICS.OBJ
D:\TEAM11\TEAM11\DEBUG\IMAGE.OBJ
D:\TEAM11\TEAM11\DEBUG\KEYQUEUE.OBJ
D:\TEAM11\TEAM11\DEBUG\MOUSEQUEUE.OBJ
D:\TEAM11\TEAM11\DEBUG\WINDOWINPUT.OBJ
D:\TEAM11\TEAM11\DEBUG\CCIRCLE.OBJ
D:\TEAM11\TEAM11\DEBUG\CFIGURE.OBJ
D:\TEAM11\TEAM11\DEBUG\CLINE.OBJ
D:\TEAM11\TEAM11\DEBUG\ADDRECTACTION.OBJ
D:\TEAM11\TEAM11\DEBUG\CTRIANGLE.OBJ
D:\TEAM11\TEAM11\DEBUG\INPUT.OBJ
D:\TEAM11\TEAM11\DEBUG\OUTPUT.OBJ
D:\TEAM11\TEAM11\DEBUG\APPLICATIONMANAGER.OBJ
D:\TEAM11\TEAM11\DEBUG\MAIN.OBJ
D:\TEAM11\TEAM11\DEBUG\RESIZEACTION.SBR
D:\TEAM11\TEAM11\DEBUG\PICKTYPEACTION.SBR
D:\TEAM11\TEAM11\DEBUG\PICKCOLORACTION.SBR
D:\TEAM11\TEAM11\DEBUG\PICKBOTHACTION.SBR
D:\TEAM11\TEAM11\DEBUG\PASTEEE.SBR
D:\TEAM11\TEAM11\DEBUG\LOADD.SBR
D:\TEAM11\TEAM11\DEBUG\DRAWCOLOR.SBR
D:\TEAM11\TEAM11\DEBUG\ADDTRIGACTION.SBR
D:\TEAM11\TEAM11\DEBUG\ADDSELECTACTION.SBR
D:\TEAM11\TEAM11\DEBUG\ADDLINEACTION.SBR
D:\TEAM11\TEAM11\DEBUG\ADDCIRCLEACTION.SBR
D:\TEAM11\TEAM11\DEBUG\FILLCOLOR.SBR
D:\TEAM11\TEAM11\DEBUG\EXIT.SBR
D:\TEAM11\TEAM11\DEBUG\DELETEE.SBR
D:\TEAM11\TEAM11\DEBUG\CUTT.SBR
D:\TEAM11\TEAM11\DEBUG\COPYY.SBR
D:\TEAM11\TEAM11\DEBUG\CHANGETOPLAY.SBR
D:\TEAM11\TEAM11\DEBUG\CHANGETOPLAY.OBJ
D:\TEAM11\TEAM11\DEBUG\COPYY.OBJ
D:\TEAM11\TEAM11\DEBUG\CUTT.OBJ
D:\TEAM11\TEAM11\DEBUG\DELETEE.OBJ
D:\TEAM11\TEAM11\DEBUG\EXIT.OBJ
D:\TEAM11\TEAM11\DEBUG\FILLCOLOR.OBJ
D:\TEAM11\TEAM11\DEBUG\ADDCIRCLEACTION.OBJ
D:\TEAM11\TEAM11\DEBUG\ADDLINEACTION.OBJ
D:\TEAM11\TEAM11\DEBUG\ADDSELECTACTION.OBJ
D:\TEAM11\TEAM11\DEBUG\ADDTRIGACTION.OBJ
D:\TEAM11\TEAM11\DEBUG\DRAWCOLOR.OBJ
D:\TEAM11\TEAM11\DEBUG\LOADD.OBJ
D:\TEAM11\TEAM11\DEBUG\PASTEEE.OBJ
D:\TEAM11\TEAM11\DEBUG\PICKBOTHACTION.OBJ
D:\TEAM11\TEAM11\DEBUG\PICKCOLORACTION.OBJ
D:\TEAM11\TEAM11\DEBUG\PICKTYPEACTION.OBJ
D:\TEAM11\TEAM11\DEBUG\RESIZEACTION.OBJ
D:\TEAM11\TEAM11\DEBUG\VC110.PDB
D:\Team11\Team11\Debug\savee.obj
D:\Team11\Team11\Debug\sendback.obj
D:\Team11\Team11\Debug\sendfrontt.obj
D:\Team11\Team11\Debug\ToDrawAction.obj
D:\Team11\Team11\Debug\auxil.obj
D:\Team11\Team11\Debug\CMUgraphics.obj
D:\Team11\Team11\Debug\image.obj
D:\Team11\Team11\Debug\keyqueue.obj
D:\Team11\Team11\Debug\mousequeue.obj
D:\Team11\Team11\Debug\windowinput.obj
D:\Team11\Team11\Debug\CCircle.obj
D:\Team11\Team11\Debug\CFigure.obj
D:\Team11\Team11\Debug\CLine.obj
D:\Team11\Team11\Debug\AddRectAction.obj
D:\Team11\Team11\Debug\CTriangle.obj
D:\Team11\Team11\Debug\Input.obj
D:\Team11\Team11\Debug\Output.obj
D:\Team11\Team11\Debug\ApplicationManager.obj
D:\Team11\Team11\Debug\main.obj
D:\Team11\Team11\Debug\changetoplay.obj
D:\Team11\Team11\Debug\copyy.obj
D:\Team11\Team11\Debug\cutt.obj
D:\Team11\Team11\Debug\Deletee.obj
D:\Team11\Team11\Debug\Exit.obj
D:\Team11\Team11\Debug\FillColor.obj
D:\Team11\Team11\Debug\AddCircleAction.obj
D:\Team11\Team11\Debug\AddLineAction.obj
D:\Team11\Team11\Debug\AddSelectAction.obj
D:\Team11\Team11\Debug\AddTrigAction.obj
D:\Team11\Team11\Debug\DrawColor.obj
D:\Team11\Team11\Debug\loadd.obj
D:\Team11\Team11\Debug\pasteee.obj
D:\Team11\Team11\Debug\PickBothAction.obj
D:\Team11\Team11\Debug\PickColorAction.obj
D:\Team11\Team11\Debug\PickTypeAction.obj
D:\Team11\Team11\Debug\Resizeaction.obj
D:\Team11\Team11\Debug\CL.read.1.tlog
D:\Team11\Team11\Debug\CL.write.1.tlog
D:\Team11\Team11\Debug\cl.command.1.tlog
D:\Team11\Team11\Debug\vc110.idb
D:\Team11\Team11\Debug\vc110.pdb
D:\Team11\Team11\Debug\main.sbr
D:\Team11\Team11\Debug\ApplicationManager.sbr
D:\Team11\Team11\Debug\Output.sbr
D:\Team11\Team11\Debug\Input.sbr
D:\Team11\Team11\Debug\CTriangle.sbr
D:\Team11\Team11\Debug\AddRectAction.sbr
D:\Team11\Team11\Debug\CRectangle.sbr
D:\Team11\Team11\Debug\CLine.sbr
D:\Team11\Team11\Debug\CFigure.sbr
D:\Team11\Team11\Debug\CCircle.sbr
D:\Team11\Team11\Debug\windowinput.sbr
D:\Team11\Team11\Debug\mousequeue.sbr
D:\Team11\Team11\Debug\keyqueue.sbr
D:\Team11\Team11\Debug\image.sbr
D:\Team11\Team11\Debug\CMUgraphics.sbr
D:\Team11\Team11\Debug\auxil.sbr
D:\Team11\Team11\Debug\ToDrawAction.sbr
D:\Team11\Team11\Debug\sendfrontt.sbr
D:\Team11\Team11\Debug\sendback.sbr
D:\Team11\Team11\Debug\savee.sbr
D:\Team11\Team11\Debug\Resizeaction.sbr
D:\Team11\Team11\Debug\PickTypeAction.sbr
D:\Team11\Team11\Debug\PickColorAction.sbr
D:\Team11\Team11\Debug\PickBothAction.sbr
D:\Team11\Team11\Debug\pasteee.sbr
D:\Team11\Team11\Debug\loadd.sbr
D:\Team11\Team11\Debug\DrawColor.sbr
D:\Team11\Team11\Debug\AddTrigAction.sbr
D:\Team11\Team11\Debug\AddSelectAction.sbr
D:\Team11\Team11\Debug\AddLineAction.sbr
D:\Team11\Team11\Debug\AddCircleAction.sbr
D:\Team11\Team11\Debug\FillColor.sbr
D:\Team11\Team11\Debug\Exit.sbr
D:\Team11\Team11\Debug\Deletee.sbr
D:\Team11\Team11\Debug\cutt.sbr
D:\Team11\Team11\Debug\copyy.sbr
D:\Team11\Team11\Debug\changetoplay.sbr
